2025-04-15 17:10:55.642488 - Received CBT.V508.FILE029.PDS from FILE029.XMI 
2025-04-15 17:10:55.643710 - Found $$$#DATE.txt (text/plain) in CBT.V508.FILE029.PDS, moved to PDS/$$$#DATE
2025-04-15 17:10:55.643766 - Found $ICKDSF.txt (text/plain) in CBT.V508.FILE029.PDS, moved to PDS/$ICKDSF
2025-04-15 17:10:55.643809 - Found $RECEIVE.jcl (text/plain) in CBT.V508.FILE029.PDS, moved to PDS/$RECEIVE
2025-04-15 17:10:55.643851 - Found @FILE029.txt (text/plain) in CBT.V508.FILE029.PDS, moved to PDS/@FILE029
2025-04-15 17:10:55.643891 - Found DISKMAP.jcl (text/plain) in CBT.V508.FILE029.PDS, moved to PDS/DISKMAP
2025-04-15 17:10:55.643928 - Found IEHLIST.jcl (text/plain) in CBT.V508.FILE029.PDS, moved to PDS/IEHLIST
2025-04-15 17:10:55.643965 - Found IXVTOC.jcl (text/plain) in CBT.V508.FILE029.PDS, moved to PDS/IXVTOC
2025-04-15 17:10:55.644028 - Found LOADLIB.xmi (application/xmit) in CBT.V508.FILE029.PDS, moved to PDS/LOADLIB.xmi
2025-04-15 17:10:55.655945 - Received SBGOLOB.FILE029.LOADLIB from LOADLIB.xmi 
2025-04-15 17:10:55.656342 - Found AUCMD.bin (application/octet-stream) in SBGOLOB.FILE029.LOADLIB, moved to LOADLIB/AUCMD
2025-04-15 17:10:55.656454 - Found DISKMAP.bin (application/octet-stream) in SBGOLOB.FILE029.LOADLIB, moved to LOADLIB/DISKMAP
2025-04-15 17:10:55.656511 - Found ZAP.bin (application/octet-stream) in SBGOLOB.FILE029.LOADLIB, moved to LOADLIB/ZAP
2025-04-15 17:10:55.656617 - Found alias ZAP$ to ZAP in SBGOLOB.FILE029.LOADLIB, moved to PDS/ZAP$
2025-04-15 17:10:55.656826 - Found NARRATIV.txt (text/plain) in CBT.V508.FILE029.PDS, moved to PDS/NARRATIV
2025-04-15 17:10:55.656881 - Found OSVTOC.jcl (text/plain) in CBT.V508.FILE029.PDS, moved to PDS/OSVTOC
2025-04-15 17:10:55.656924 - Found VTEXALLC.jcl (text/plain) in CBT.V508.FILE029.PDS, moved to PDS/VTEXALLC
2025-04-15 17:10:55.656962 - Found VTOCDES$.jcl (text/plain) in CBT.V508.FILE029.PDS, moved to PDS/VTOCDES$
2025-04-15 17:10:55.657003 - Found VTOCDESC.txt (text/plain) in CBT.V508.FILE029.PDS, moved to PDS/VTOCDESC
2025-04-15 17:10:55.657043 - Found ZAPINSTR.txt (text/plain) in CBT.V508.FILE029.PDS, moved to PDS/ZAPINSTR
